<?xml version="1.0" encoding="UTF-8"?>
<!-- Generated by org.testng.reporters.JUnitXMLReporter -->
<testsuite ignored="0" hostname="Raiyan-Tanzim" failures="1" tests="8" name="Functional testing" time="50.317" errors="0" timestamp="2022-10-26T15:10:11 BDT">
  <testcase classname="ui.LoginTest" name="aTest1" time="0.006"/>
  <testcase classname="ui.LoginTest" name="aTest2" time="0.001"/>
  <testcase classname="ui.VerifyTitleTest" name="titleTest" time="27.753"/>
  <testcase classname="ui.GroupDemoTest" name="aTest1" time="0.002"/>
  <testcase classname="ui.GroupDemoTest" name="aTest2" time="0.003"/>
  <testcase classname="ui.GroupDemoTest" name="aTest3" time="0.002"/>
  <testcase classname="ui.GroupDemoTest" name="aTest4" time="0.001"/>
  <testcase classname="ui.VerifyTitleAndTextTest" name="TitleAndTextTest" time="22.455">
    <failure type="java.lang.AssertionError" message="The following asserts failed:
	Title verification failed! expected [Electronics, Cars, Fashion, gollectibles &amp;amp; More | eBay] but found [Electronics, Cars, Fashion, Collectibles &amp;amp; More | eBay],
	Text verification failed! expected [SearchT] but found [Search]">
      <![CDATA[java.lang.AssertionError: The following asserts failed:
Title verification failed! expected [Electronics, Cars, Fashion, gollectibles & More | eBay] but found [Electronics, Cars, Fashion, Collectibles & More | eBay],
Text verification failed! expected [SearchT] but found [Search]
at ui.VerifyTitleAndTextTest.TitleAndTextTest(VerifyTitleAndTextTest.java:38)
at java.base/java.util.ArrayList.forEach(ArrayList.java:1511)
... Removed 27 stack frames]]>
    </failure>
  </testcase> <!-- TitleAndTextTest -->
</testsuite> <!-- Functional testing -->
